;  LST file generated by mikroListExporter - v.2.0 
; Date/Time: 10/8/2024 9:37:17 AM
;----------------------------------------------

;Address Opcode 	ASM
0x0000	0x2816      	GOTO       22
_____DoICP:
;__Lib_System.c,6 :: 		
;__Lib_System.c,9 :: 		
0x0003	0x1283      	BCF        STATUS, 5
0x0004	0x1303      	BCF        STATUS, 6
0x0005	0x082B      	MOVF       ___DoICPAddr+1, 0
0x0006	0x008A      	MOVWF      PCLATH
;__Lib_System.c,10 :: 		
0x0007	0x082A      	MOVF       ___DoICPAddr, 0
0x0008	0x0082      	MOVWF      PCL
;__Lib_System.c,12 :: 		
L_end_____DoICP:
0x0009	0x0008      	RETURN
; end of _____DoICP
___CC2DW:
;__Lib_System.c,134 :: 		
;__Lib_System.c,137 :: 		
_CC2D_Loop1:
;__Lib_System.c,139 :: 		
0x000A	0x2003      	CALL       _____DoICP
0x000B	0x118A      	BCF        PCLATH, 3
0x000C	0x120A      	BCF        PCLATH, 4
;__Lib_System.c,141 :: 		
0x000D	0x0080      	MOVWF      INDF
;__Lib_System.c,142 :: 		
0x000E	0x0A84      	INCF       FSR, 1
;__Lib_System.c,143 :: 		
0x000F	0x0AAA      	INCF       ___DoICPAddr, 1
;__Lib_System.c,145 :: 		
0x0010	0x1903      	BTFSC      STATUS, 2
;__Lib_System.c,146 :: 		
0x0011	0x0AAB      	INCF       ___DoICPAddr+1, 1
;__Lib_System.c,147 :: 		
0x0012	0x03F0      	DECF       R0, 1
;__Lib_System.c,149 :: 		
0x0013	0x1D03      	BTFSS      STATUS, 2
;__Lib_System.c,150 :: 		
0x0014	0x280A      	GOTO       _CC2D_Loop1
;__Lib_System.c,152 :: 		
L_end___CC2DW:
0x0015	0x0008      	RETURN
; end of ___CC2DW
_main:
0x0016	0x303F      	MOVLW      63
0x0017	0x1283      	BCF        STATUS, 5
0x0018	0x1303      	BCF        STATUS, 6
0x0019	0x00A0      	MOVWF      _arraycc
0x001A	0x3006      	MOVLW      6
0x001B	0x00A1      	MOVWF      33
0x001C	0x305B      	MOVLW      91
0x001D	0x00A2      	MOVWF      34
0x001E	0x304F      	MOVLW      79
0x001F	0x00A3      	MOVWF      35
0x0020	0x3066      	MOVLW      102
0x0021	0x00A4      	MOVWF      36
0x0022	0x306D      	MOVLW      109
0x0023	0x00A5      	MOVWF      37
0x0024	0x307D      	MOVLW      125
0x0025	0x00A6      	MOVWF      38
0x0026	0x3007      	MOVLW      7
0x0027	0x00A7      	MOVWF      39
0x0028	0x307F      	MOVLW      127
0x0029	0x00A8      	MOVWF      40
0x002A	0x306F      	MOVLW      111
0x002B	0x00A9      	MOVWF      41
;SevenSegFourDIgButtonCode.c,3 :: 		void main() {
;SevenSegFourDIgButtonCode.c,5 :: 		int bt_zero=0,bt_one=0,bt_two=0,bt_three=0;
0x002C	0x01AC      	CLRF       main_bt_zero_L0
0x002D	0x01AD      	CLRF       main_bt_zero_L0+1
0x002E	0x01AE      	CLRF       main_bt_one_L0
0x002F	0x01AF      	CLRF       main_bt_one_L0+1
0x0030	0x01B0      	CLRF       main_bt_two_L0
0x0031	0x01B1      	CLRF       main_bt_two_L0+1
0x0032	0x01B2      	CLRF       main_bt_three_L0
0x0033	0x01B3      	CLRF       main_bt_three_L0+1
;SevenSegFourDIgButtonCode.c,6 :: 		Trisb=0x00;
0x0034	0x1683      	BSF        STATUS, 5
0x0035	0x0186      	CLRF       TRISB
;SevenSegFourDIgButtonCode.c,7 :: 		Trisc=0x00;
0x0036	0x0187      	CLRF       TRISC
;SevenSegFourDIgButtonCode.c,9 :: 		Trisd=1;
0x0037	0x3001      	MOVLW      1
0x0038	0x0088      	MOVWF      TRISD
;SevenSegFourDIgButtonCode.c,11 :: 		portb=0x00;
0x0039	0x1283      	BCF        STATUS, 5
0x003A	0x0186      	CLRF       PORTB
;SevenSegFourDIgButtonCode.c,12 :: 		portc=0x00;
0x003B	0x0187      	CLRF       PORTC
;SevenSegFourDIgButtonCode.c,14 :: 		while(1)
L_main0:
;SevenSegFourDIgButtonCode.c,16 :: 		if(portd.f0==0)
0x003C	0x1808      	BTFSC      PORTD, 0
0x003D	0x2859      	GOTO       L_main2
;SevenSegFourDIgButtonCode.c,18 :: 		delay_ms(150);
0x003E	0x3002      	MOVLW      2
0x003F	0x00FB      	MOVWF      R11
0x0040	0x3086      	MOVLW      134
0x0041	0x00FC      	MOVWF      R12
0x0042	0x3099      	MOVLW      153
0x0043	0x00FD      	MOVWF      R13
L_main3:
0x0044	0x0BFD      	DECFSZ     R13, 1
0x0045	0x2844      	GOTO       L_main3
0x0046	0x0BFC      	DECFSZ     R12, 1
0x0047	0x2844      	GOTO       L_main3
0x0048	0x0BFB      	DECFSZ     R11, 1
0x0049	0x2844      	GOTO       L_main3
;SevenSegFourDIgButtonCode.c,19 :: 		if(portd.f0==0)
0x004A	0x1808      	BTFSC      PORTD, 0
0x004B	0x2859      	GOTO       L_main4
;SevenSegFourDIgButtonCode.c,21 :: 		bt_zero++;
0x004C	0x0AAC      	INCF       main_bt_zero_L0, 1
0x004D	0x1903      	BTFSC      STATUS, 2
0x004E	0x0AAD      	INCF       main_bt_zero_L0+1, 1
;SevenSegFourDIgButtonCode.c,22 :: 		if(bt_zero==10)
0x004F	0x3000      	MOVLW      0
0x0050	0x062D      	XORWF      main_bt_zero_L0+1, 0
0x0051	0x1D03      	BTFSS      STATUS, 2
0x0052	0x2855      	GOTO       L__main23
0x0053	0x300A      	MOVLW      10
0x0054	0x062C      	XORWF      main_bt_zero_L0, 0
L__main23:
0x0055	0x1D03      	BTFSS      STATUS, 2
0x0056	0x2859      	GOTO       L_main5
;SevenSegFourDIgButtonCode.c,24 :: 		bt_zero=0;
0x0057	0x01AC      	CLRF       main_bt_zero_L0
0x0058	0x01AD      	CLRF       main_bt_zero_L0+1
;SevenSegFourDIgButtonCode.c,25 :: 		}
L_main5:
;SevenSegFourDIgButtonCode.c,26 :: 		}
L_main4:
;SevenSegFourDIgButtonCode.c,27 :: 		}
L_main2:
;SevenSegFourDIgButtonCode.c,28 :: 		if(portd.f1==0)
0x0059	0x1888      	BTFSC      PORTD, 1
0x005A	0x2876      	GOTO       L_main6
;SevenSegFourDIgButtonCode.c,30 :: 		delay_ms(150);
0x005B	0x3002      	MOVLW      2
0x005C	0x00FB      	MOVWF      R11
0x005D	0x3086      	MOVLW      134
0x005E	0x00FC      	MOVWF      R12
0x005F	0x3099      	MOVLW      153
0x0060	0x00FD      	MOVWF      R13
L_main7:
0x0061	0x0BFD      	DECFSZ     R13, 1
0x0062	0x2861      	GOTO       L_main7
0x0063	0x0BFC      	DECFSZ     R12, 1
0x0064	0x2861      	GOTO       L_main7
0x0065	0x0BFB      	DECFSZ     R11, 1
0x0066	0x2861      	GOTO       L_main7
;SevenSegFourDIgButtonCode.c,31 :: 		if(portd.f1==0)
0x0067	0x1888      	BTFSC      PORTD, 1
0x0068	0x2876      	GOTO       L_main8
;SevenSegFourDIgButtonCode.c,33 :: 		bt_one++;
0x0069	0x0AAE      	INCF       main_bt_one_L0, 1
0x006A	0x1903      	BTFSC      STATUS, 2
0x006B	0x0AAF      	INCF       main_bt_one_L0+1, 1
;SevenSegFourDIgButtonCode.c,34 :: 		if(bt_one==10)
0x006C	0x3000      	MOVLW      0
0x006D	0x062F      	XORWF      main_bt_one_L0+1, 0
0x006E	0x1D03      	BTFSS      STATUS, 2
0x006F	0x2872      	GOTO       L__main24
0x0070	0x300A      	MOVLW      10
0x0071	0x062E      	XORWF      main_bt_one_L0, 0
L__main24:
0x0072	0x1D03      	BTFSS      STATUS, 2
0x0073	0x2876      	GOTO       L_main9
;SevenSegFourDIgButtonCode.c,36 :: 		bt_one=0;
0x0074	0x01AE      	CLRF       main_bt_one_L0
0x0075	0x01AF      	CLRF       main_bt_one_L0+1
;SevenSegFourDIgButtonCode.c,37 :: 		}
L_main9:
;SevenSegFourDIgButtonCode.c,38 :: 		}
L_main8:
;SevenSegFourDIgButtonCode.c,39 :: 		}
L_main6:
;SevenSegFourDIgButtonCode.c,40 :: 		if(portd.f2==0)
0x0076	0x1908      	BTFSC      PORTD, 2
0x0077	0x2893      	GOTO       L_main10
;SevenSegFourDIgButtonCode.c,42 :: 		delay_ms(150);
0x0078	0x3002      	MOVLW      2
0x0079	0x00FB      	MOVWF      R11
0x007A	0x3086      	MOVLW      134
0x007B	0x00FC      	MOVWF      R12
0x007C	0x3099      	MOVLW      153
0x007D	0x00FD      	MOVWF      R13
L_main11:
0x007E	0x0BFD      	DECFSZ     R13, 1
0x007F	0x287E      	GOTO       L_main11
0x0080	0x0BFC      	DECFSZ     R12, 1
0x0081	0x287E      	GOTO       L_main11
0x0082	0x0BFB      	DECFSZ     R11, 1
0x0083	0x287E      	GOTO       L_main11
;SevenSegFourDIgButtonCode.c,43 :: 		if(portd.f2==0)
0x0084	0x1908      	BTFSC      PORTD, 2
0x0085	0x2893      	GOTO       L_main12
;SevenSegFourDIgButtonCode.c,45 :: 		bt_two++;
0x0086	0x0AB0      	INCF       main_bt_two_L0, 1
0x0087	0x1903      	BTFSC      STATUS, 2
0x0088	0x0AB1      	INCF       main_bt_two_L0+1, 1
;SevenSegFourDIgButtonCode.c,47 :: 		if(bt_two==10)
0x0089	0x3000      	MOVLW      0
0x008A	0x0631      	XORWF      main_bt_two_L0+1, 0
0x008B	0x1D03      	BTFSS      STATUS, 2
0x008C	0x288F      	GOTO       L__main25
0x008D	0x300A      	MOVLW      10
0x008E	0x0630      	XORWF      main_bt_two_L0, 0
L__main25:
0x008F	0x1D03      	BTFSS      STATUS, 2
0x0090	0x2893      	GOTO       L_main13
;SevenSegFourDIgButtonCode.c,49 :: 		bt_two=0;
0x0091	0x01B0      	CLRF       main_bt_two_L0
0x0092	0x01B1      	CLRF       main_bt_two_L0+1
;SevenSegFourDIgButtonCode.c,50 :: 		}
L_main13:
;SevenSegFourDIgButtonCode.c,51 :: 		}
L_main12:
;SevenSegFourDIgButtonCode.c,52 :: 		}
L_main10:
;SevenSegFourDIgButtonCode.c,53 :: 		if(portd.f3==0)
0x0093	0x1988      	BTFSC      PORTD, 3
0x0094	0x28B0      	GOTO       L_main14
;SevenSegFourDIgButtonCode.c,55 :: 		delay_ms(150);
0x0095	0x3002      	MOVLW      2
0x0096	0x00FB      	MOVWF      R11
0x0097	0x3086      	MOVLW      134
0x0098	0x00FC      	MOVWF      R12
0x0099	0x3099      	MOVLW      153
0x009A	0x00FD      	MOVWF      R13
L_main15:
0x009B	0x0BFD      	DECFSZ     R13, 1
0x009C	0x289B      	GOTO       L_main15
0x009D	0x0BFC      	DECFSZ     R12, 1
0x009E	0x289B      	GOTO       L_main15
0x009F	0x0BFB      	DECFSZ     R11, 1
0x00A0	0x289B      	GOTO       L_main15
;SevenSegFourDIgButtonCode.c,56 :: 		if(portd.f3==0)
0x00A1	0x1988      	BTFSC      PORTD, 3
0x00A2	0x28B0      	GOTO       L_main16
;SevenSegFourDIgButtonCode.c,58 :: 		bt_three++;
0x00A3	0x0AB2      	INCF       main_bt_three_L0, 1
0x00A4	0x1903      	BTFSC      STATUS, 2
0x00A5	0x0AB3      	INCF       main_bt_three_L0+1, 1
;SevenSegFourDIgButtonCode.c,59 :: 		if(bt_three==10)
0x00A6	0x3000      	MOVLW      0
0x00A7	0x0633      	XORWF      main_bt_three_L0+1, 0
0x00A8	0x1D03      	BTFSS      STATUS, 2
0x00A9	0x28AC      	GOTO       L__main26
0x00AA	0x300A      	MOVLW      10
0x00AB	0x0632      	XORWF      main_bt_three_L0, 0
L__main26:
0x00AC	0x1D03      	BTFSS      STATUS, 2
0x00AD	0x28B0      	GOTO       L_main17
;SevenSegFourDIgButtonCode.c,61 :: 		bt_three=0;
0x00AE	0x01B2      	CLRF       main_bt_three_L0
0x00AF	0x01B3      	CLRF       main_bt_three_L0+1
;SevenSegFourDIgButtonCode.c,62 :: 		}
L_main17:
;SevenSegFourDIgButtonCode.c,63 :: 		}
L_main16:
;SevenSegFourDIgButtonCode.c,64 :: 		}
L_main14:
;SevenSegFourDIgButtonCode.c,66 :: 		portb=arraycc[bt_zero];//display
0x00B0	0x082C      	MOVF       main_bt_zero_L0, 0
0x00B1	0x3E20      	ADDLW      _arraycc
0x00B2	0x0084      	MOVWF      FSR
0x00B3	0x0800      	MOVF       INDF, 0
0x00B4	0x0086      	MOVWF      PORTB
;SevenSegFourDIgButtonCode.c,67 :: 		portc.f0=0;
0x00B5	0x1007      	BCF        PORTC, 0
;SevenSegFourDIgButtonCode.c,68 :: 		delay_ms(10);
0x00B6	0x301A      	MOVLW      26
0x00B7	0x00FC      	MOVWF      R12
0x00B8	0x30F8      	MOVLW      248
0x00B9	0x00FD      	MOVWF      R13
L_main18:
0x00BA	0x0BFD      	DECFSZ     R13, 1
0x00BB	0x28BA      	GOTO       L_main18
0x00BC	0x0BFC      	DECFSZ     R12, 1
0x00BD	0x28BA      	GOTO       L_main18
0x00BE	0x0000      	NOP
;SevenSegFourDIgButtonCode.c,69 :: 		portc.f0=1;
0x00BF	0x1407      	BSF        PORTC, 0
;SevenSegFourDIgButtonCode.c,72 :: 		portb=arraycc[bt_one];//display
0x00C0	0x082E      	MOVF       main_bt_one_L0, 0
0x00C1	0x3E20      	ADDLW      _arraycc
0x00C2	0x0084      	MOVWF      FSR
0x00C3	0x0800      	MOVF       INDF, 0
0x00C4	0x0086      	MOVWF      PORTB
;SevenSegFourDIgButtonCode.c,73 :: 		portc.f1=0;
0x00C5	0x1087      	BCF        PORTC, 1
;SevenSegFourDIgButtonCode.c,74 :: 		delay_ms(10);
0x00C6	0x301A      	MOVLW      26
0x00C7	0x00FC      	MOVWF      R12
0x00C8	0x30F8      	MOVLW      248
0x00C9	0x00FD      	MOVWF      R13
L_main19:
0x00CA	0x0BFD      	DECFSZ     R13, 1
0x00CB	0x28CA      	GOTO       L_main19
0x00CC	0x0BFC      	DECFSZ     R12, 1
0x00CD	0x28CA      	GOTO       L_main19
0x00CE	0x0000      	NOP
;SevenSegFourDIgButtonCode.c,75 :: 		portc.f1=1;
0x00CF	0x1487      	BSF        PORTC, 1
;SevenSegFourDIgButtonCode.c,78 :: 		portb=arraycc[bt_two];//display
0x00D0	0x0830      	MOVF       main_bt_two_L0, 0
0x00D1	0x3E20      	ADDLW      _arraycc
0x00D2	0x0084      	MOVWF      FSR
0x00D3	0x0800      	MOVF       INDF, 0
0x00D4	0x0086      	MOVWF      PORTB
;SevenSegFourDIgButtonCode.c,79 :: 		portc.f2= 0;
0x00D5	0x1107      	BCF        PORTC, 2
;SevenSegFourDIgButtonCode.c,80 :: 		delay_ms(10);
0x00D6	0x301A      	MOVLW      26
0x00D7	0x00FC      	MOVWF      R12
0x00D8	0x30F8      	MOVLW      248
0x00D9	0x00FD      	MOVWF      R13
L_main20:
0x00DA	0x0BFD      	DECFSZ     R13, 1
0x00DB	0x28DA      	GOTO       L_main20
0x00DC	0x0BFC      	DECFSZ     R12, 1
0x00DD	0x28DA      	GOTO       L_main20
0x00DE	0x0000      	NOP
;SevenSegFourDIgButtonCode.c,81 :: 		portc.f2=1;
0x00DF	0x1507      	BSF        PORTC, 2
;SevenSegFourDIgButtonCode.c,84 :: 		portb=arraycc[bt_three];//display
0x00E0	0x0832      	MOVF       main_bt_three_L0, 0
0x00E1	0x3E20      	ADDLW      _arraycc
0x00E2	0x0084      	MOVWF      FSR
0x00E3	0x0800      	MOVF       INDF, 0
0x00E4	0x0086      	MOVWF      PORTB
;SevenSegFourDIgButtonCode.c,85 :: 		portc.f3=0;
0x00E5	0x1187      	BCF        PORTC, 3
;SevenSegFourDIgButtonCode.c,86 :: 		delay_ms(10);
0x00E6	0x301A      	MOVLW      26
0x00E7	0x00FC      	MOVWF      R12
0x00E8	0x30F8      	MOVLW      248
0x00E9	0x00FD      	MOVWF      R13
L_main21:
0x00EA	0x0BFD      	DECFSZ     R13, 1
0x00EB	0x28EA      	GOTO       L_main21
0x00EC	0x0BFC      	DECFSZ     R12, 1
0x00ED	0x28EA      	GOTO       L_main21
0x00EE	0x0000      	NOP
;SevenSegFourDIgButtonCode.c,87 :: 		portc.f3=1;
0x00EF	0x1587      	BSF        PORTC, 3
;SevenSegFourDIgButtonCode.c,88 :: 		}
0x00F0	0x283C      	GOTO       L_main0
;SevenSegFourDIgButtonCode.c,90 :: 		}
L_end_main:
0x00F1	0x28F1      	GOTO       $+0
; end of _main
Symbol List:
//** Routines locations **
//ADDRESS    SIZE    PROCEDURE
//----------------------------------------------
0x0003       [7]    _____DoICP
0x000A      [12]    ___CC2DW
0x0016     [220]    _main
//** Variables locations ** 
//ADDRESS    SIZE    VARIABLE
//----------------------------------------------
0x0000       [1]    INDF
0x0002       [1]    PCL
0x0003       [1]    STATUS
0x0004       [1]    FSR
0x0006       [1]    PORTB
0x0007       [1]    PORTC
0x0008       [1]    PORTD
0x000A       [1]    PCLATH
0x0020      [10]    _arraycc
0x002A       [2]    ___DoICPAddr
0x002C       [2]    main_bt_zero_L0
0x002E       [2]    main_bt_one_L0
0x0030       [2]    main_bt_two_L0
0x0032       [2]    main_bt_three_L0
0x0070       [1]    R0
0x0071       [1]    R1
0x0072       [1]    R2
0x0073       [1]    R3
0x0074       [1]    R4
0x0075       [1]    R5
0x0076       [1]    R6
0x0077       [1]    R7
0x0078       [1]    R8
0x0079       [1]    R9
0x007A       [1]    R10
0x007B       [1]    R11
0x007C       [1]    R12
0x007D       [1]    R13
0x007E       [1]    R14
0x007F       [1]    R15
0x0086       [1]    TRISB
0x0087       [1]    TRISC
0x0088       [1]    TRISD
