;  LST file generated by mikroListExporter - v.2.0 
; Date/Time: 10/8/2024 2:55:44 AM
;----------------------------------------------

;Address Opcode 	ASM
0x0000	0x2814      	GOTO       20
_MSDelay:
;DotMatrixCode.c,11 :: 		void MSDelay(unsigned char Time)
;DotMatrixCode.c,14 :: 		for(y=0;y<Time;y++)
0x0003	0x1283      	BCF        STATUS, 5
0x0004	0x1303      	BCF        STATUS, 6
0x0005	0x01F1      	CLRF       R1
L_MSDelay0:
0x0006	0x0822      	MOVF       FARG_MSDelay_Time, 0
0x0007	0x0271      	SUBWF      R1, 0
0x0008	0x1803      	BTFSC      STATUS, 0
0x0009	0x2813      	GOTO       L_MSDelay1
;DotMatrixCode.c,15 :: 		for(z=0;z<20;z++);
0x000A	0x01F2      	CLRF       R2
L_MSDelay3:
0x000B	0x3014      	MOVLW      20
0x000C	0x0272      	SUBWF      R2, 0
0x000D	0x1803      	BTFSC      STATUS, 0
0x000E	0x2811      	GOTO       L_MSDelay4
0x000F	0x0AF2      	INCF       R2, 1
0x0010	0x280B      	GOTO       L_MSDelay3
L_MSDelay4:
;DotMatrixCode.c,14 :: 		for(y=0;y<Time;y++)
0x0011	0x0AF1      	INCF       R1, 1
;DotMatrixCode.c,15 :: 		for(z=0;z<20;z++);
0x0012	0x2806      	GOTO       L_MSDelay0
L_MSDelay1:
;DotMatrixCode.c,16 :: 		}
L_end_MSDelay:
0x0013	0x0008      	RETURN
; end of _MSDelay
_main:
;DotMatrixCode.c,17 :: 		void main()
;DotMatrixCode.c,19 :: 		TRISC = 0x00;
0x0014	0x1683      	BSF        STATUS, 5
0x0015	0x1303      	BCF        STATUS, 6
0x0016	0x0187      	CLRF       TRISC
;DotMatrixCode.c,20 :: 		TRISD = 0x00;
0x0017	0x0188      	CLRF       TRISD
;DotMatrixCode.c,21 :: 		while(1)
L_main6:
;DotMatrixCode.c,23 :: 		PORTD = 0x80;
0x0018	0x3080      	MOVLW      128
0x0019	0x1283      	BCF        STATUS, 5
0x001A	0x0088      	MOVWF      PORTD
;DotMatrixCode.c,24 :: 		PORTC = 0x00;
0x001B	0x0187      	CLRF       PORTC
;DotMatrixCode.c,25 :: 		MSDelay(10);
0x001C	0x300A      	MOVLW      10
0x001D	0x00A2      	MOVWF      FARG_MSDelay_Time
0x001E	0x2003      	CALL       _MSDelay
;DotMatrixCode.c,27 :: 		PORTD = 0x40;
0x001F	0x3040      	MOVLW      64
0x0020	0x0088      	MOVWF      PORTD
;DotMatrixCode.c,28 :: 		PORTC = 0xff;
0x0021	0x30FF      	MOVLW      255
0x0022	0x0087      	MOVWF      PORTC
;DotMatrixCode.c,29 :: 		MSDelay(10);
0x0023	0x300A      	MOVLW      10
0x0024	0x00A2      	MOVWF      FARG_MSDelay_Time
0x0025	0x2003      	CALL       _MSDelay
;DotMatrixCode.c,31 :: 		PORTD = 0x20;
0x0026	0x3020      	MOVLW      32
0x0027	0x0088      	MOVWF      PORTD
;DotMatrixCode.c,32 :: 		PORTC = 0xff;
0x0028	0x30FF      	MOVLW      255
0x0029	0x0087      	MOVWF      PORTC
;DotMatrixCode.c,33 :: 		MSDelay(10);
0x002A	0x300A      	MOVLW      10
0x002B	0x00A2      	MOVWF      FARG_MSDelay_Time
0x002C	0x2003      	CALL       _MSDelay
;DotMatrixCode.c,35 :: 		PORTD = 0x10;
0x002D	0x3010      	MOVLW      16
0x002E	0x0088      	MOVWF      PORTD
;DotMatrixCode.c,36 :: 		PORTC = 0xdb;
0x002F	0x30DB      	MOVLW      219
0x0030	0x0087      	MOVWF      PORTC
;DotMatrixCode.c,37 :: 		MSDelay(10);
0x0031	0x300A      	MOVLW      10
0x0032	0x00A2      	MOVWF      FARG_MSDelay_Time
0x0033	0x2003      	CALL       _MSDelay
;DotMatrixCode.c,39 :: 		PORTD = 0x08;
0x0034	0x3008      	MOVLW      8
0x0035	0x0088      	MOVWF      PORTD
;DotMatrixCode.c,40 :: 		PORTC = 0xdb;
0x0036	0x30DB      	MOVLW      219
0x0037	0x0087      	MOVWF      PORTC
;DotMatrixCode.c,41 :: 		MSDelay(10);
0x0038	0x300A      	MOVLW      10
0x0039	0x00A2      	MOVWF      FARG_MSDelay_Time
0x003A	0x2003      	CALL       _MSDelay
;DotMatrixCode.c,43 :: 		PORTD = 0x04;
0x003B	0x3004      	MOVLW      4
0x003C	0x0088      	MOVWF      PORTD
;DotMatrixCode.c,44 :: 		PORTC = 0xdb;
0x003D	0x30DB      	MOVLW      219
0x003E	0x0087      	MOVWF      PORTC
;DotMatrixCode.c,45 :: 		MSDelay(10);
0x003F	0x300A      	MOVLW      10
0x0040	0x00A2      	MOVWF      FARG_MSDelay_Time
0x0041	0x2003      	CALL       _MSDelay
;DotMatrixCode.c,47 :: 		PORTD = 0x02;
0x0042	0x3002      	MOVLW      2
0x0043	0x0088      	MOVWF      PORTD
;DotMatrixCode.c,48 :: 		PORTC = 0xc3;
0x0044	0x30C3      	MOVLW      195
0x0045	0x0087      	MOVWF      PORTC
;DotMatrixCode.c,49 :: 		MSDelay(10);
0x0046	0x300A      	MOVLW      10
0x0047	0x00A2      	MOVWF      FARG_MSDelay_Time
0x0048	0x2003      	CALL       _MSDelay
;DotMatrixCode.c,51 :: 		PORTD = 0x01;
0x0049	0x3001      	MOVLW      1
0x004A	0x0088      	MOVWF      PORTD
;DotMatrixCode.c,52 :: 		PORTC = 0x00;
0x004B	0x0187      	CLRF       PORTC
;DotMatrixCode.c,53 :: 		MSDelay(10);
0x004C	0x300A      	MOVLW      10
0x004D	0x00A2      	MOVWF      FARG_MSDelay_Time
0x004E	0x2003      	CALL       _MSDelay
;DotMatrixCode.c,54 :: 		}
0x004F	0x2818      	GOTO       L_main6
;DotMatrixCode.c,55 :: 		}
L_end_main:
0x0050	0x2850      	GOTO       $+0
; end of _main
Symbol List:
//** Routines locations **
//ADDRESS    SIZE    PROCEDURE
//----------------------------------------------
0x0003      [17]    _MSDelay
0x0014      [61]    _main
//** Variables locations ** 
//ADDRESS    SIZE    VARIABLE
//----------------------------------------------
0x0000       [1]    INDF
0x0003       [1]    STATUS
0x0004       [1]    FSR
0x0007       [1]    PORTC
0x0008       [1]    PORTD
0x000A       [1]    PCLATH
0x0020       [2]    ___DoICPAddr
0x0022       [1]    FARG_MSDelay_Time
0x0070       [1]    R0
0x0071       [1]    R1
0x0072       [1]    R2
0x0073       [1]    R3
0x0074       [1]    R4
0x0075       [1]    R5
0x0076       [1]    R6
0x0077       [1]    R7
0x0078       [1]    R8
0x0079       [1]    R9
0x007A       [1]    R10
0x007B       [1]    R11
0x007C       [1]    R12
0x007D       [1]    R13
0x007E       [1]    R14
0x007F       [1]    R15
0x0087       [1]    TRISC
0x0088       [1]    TRISD
